# JRE version: OpenJDK Runtime Environment Temurin-21.0.4+7 (21.0.4+7) (build 21.0.4+7-LTS)
# Java VM: OpenJDK 64-Bit Server VM Temurin-21.0.4+7 (21.0.4+7-LTS, mixed mode, tiered, compressed oops, compressed class ptrs, g1 gc, bsd-amd64)
GC Precious Log:
 CardTable entry size: 512
 Card Set container configuration: InlinePtr #cards 4 size 8 Array Of Cards #cards 16 size 48 Howl #buckets 8 coarsen threshold 3686 Howl Bitmap #cards 512 size 80 coarsen threshold 460 Card regions per heap region 1 cards per card region 4096
 CPUs: 4 total, 4 available
 Memory: 16384M
 Large Page Support: Disabled
 NUMA Support: Disabled
 Compressed Oops: Enabled (Zero based)
 Heap Region Size: 2M
 Heap Min Capacity: 8M
 Heap Initial Capacity: 256M
 Heap Max Capacity: 3G
 Pre-touch: Disabled
 Parallel Workers: 4
 Concurrent Workers: 1
 Concurrent Refinement Workers: 4
 Periodic GC: Disabled
Heap:
 garbage-first heap   total 272384K, used 171499K [0x0000000740000000, 0x0000000800000000)
  region size 2048K, 31 young (63488K), 4 survivors (8192K)
 Metaspace       used 94210K, committed 96448K, reserved 1179648K
  class space    used 12811K, committed 13888K, reserved 1048576K
GC Heap History (20 events):
Event: 23.282 GC heap before
{Heap before GC invocations=27 (full 0):
 garbage-first heap   total 141312K, used 133495K [0x0000000740000000, 0x0000000800000000)
  region size 2048K, 29 young (59392K), 3 survivors (6144K)
 Metaspace       used 59294K, committed 60800K, reserved 1114112K
  class space    used 7955K, committed 8704K, reserved 1048576K
}
Event: 23.289 GC heap after
{Heap after GC invocations=28 (full 0):
 garbage-first heap   total 143360K, used 82169K [0x0000000740000000, 0x0000000800000000)
  region size 2048K, 3 young (6144K), 3 survivors (6144K)
 Metaspace       used 59294K, committed 60800K, reserved 1114112K
  class space    used 7955K, committed 8704K, reserved 1048576K
}
Event: 24.028 GC heap before
{Heap before GC invocations=28 (full 0):
 garbage-first heap   total 143360K, used 104697K [0x0000000740000000, 0x0000000800000000)
  region size 2048K, 15 young (30720K), 3 survivors (6144K)
 Metaspace       used 59911K, committed 61440K, reserved 1114112K
  class space    used 8028K, committed 8768K, reserved 1048576K
}
Event: 24.034 GC heap after
{Heap after GC invocations=29 (full 0):
 garbage-first heap   total 143360K, used 82952K [0x0000000740000000, 0x0000000800000000)
  region size 2048K, 2 young (4096K), 2 survivors (4096K)
 Metaspace       used 59911K, committed 61440K, reserved 1114112K
  class space    used 8028K, committed 8768K, reserved 1048576K
}
Event: 25.775 GC heap before
{Heap before GC invocations=30 (full 0):
 garbage-first heap   total 153600K, used 130056K [0x0000000740000000, 0x0000000800000000)
  region size 2048K, 23 young (47104K), 2 survivors (4096K)
 Metaspace       used 63397K, committed 65088K, reserved 1114112K
  class space    used 8418K, committed 9216K, reserved 1048576K
}
Event: 25.781 GC heap after
{Heap after GC invocations=31 (full 0):
 garbage-first heap   total 153600K, used 92900K [0x0000000740000000, 0x0000000800000000)
  region size 2048K, 3 young (6144K), 3 survivors (6144K)
 Metaspace       used 63397K, committed 65088K, reserved 1114112K
  class space    used 8418K, committed 9216K, reserved 1048576K
}
Event: 30.144 GC heap before
{Heap before GC invocations=31 (full 0):
 garbage-first heap   total 153600K, used 135908K [0x0000000740000000, 0x0000000800000000)
  region size 2048K, 24 young (49152K), 3 survivors (6144K)
 Metaspace       used 71543K, committed 73280K, reserved 1114112K
  class space    used 9474K, committed 10304K, reserved 1048576K
}
Event: 30.167 GC heap after
{Heap after GC invocations=32 (full 0):
 garbage-first heap   total 153600K, used 97263K [0x0000000740000000, 0x0000000800000000)
  region size 2048K, 3 young (6144K), 3 survivors (6144K)
 Metaspace       used 71543K, committed 73280K, reserved 1114112K
  class space    used 9474K, committed 10304K, reserved 1048576K
}
Event: 31.668 GC heap before
{Heap before GC invocations=32 (full 0):
 garbage-first heap   total 153600K, used 134127K [0x0000000740000000, 0x0000000800000000)
  region size 2048K, 21 young (43008K), 3 survivors (6144K)
 Metaspace       used 75141K, committed 76928K, reserved 1179648K
  class space    used 10020K, committed 10880K, reserved 1048576K
}
Event: 31.678 GC heap after
{Heap after GC invocations=33 (full 0):
 garbage-first heap   total 153600K, used 99419K [0x0000000740000000, 0x0000000800000000)
  region size 2048K, 2 young (4096K), 2 survivors (4096K)
 Metaspace       used 75141K, committed 76928K, reserved 1179648K
  class space    used 10020K, committed 10880K, reserved 1048576K
}
Event: 33.796 GC heap before
{Heap before GC invocations=34 (full 0):
 garbage-first heap   total 172032K, used 134235K [0x0000000740000000, 0x0000000800000000)
  region size 2048K, 20 young (40960K), 2 survivors (4096K)
 Metaspace       used 77965K, committed 79808K, reserved 1179648K
  class space    used 10400K, committed 11328K, reserved 1048576K
}
Event: 33.805 GC heap after
{Heap after GC invocations=35 (full 0):
 garbage-first heap   total 172032K, used 101889K [0x0000000740000000, 0x0000000800000000)
  region size 2048K, 3 young (6144K), 3 survivors (6144K)
 Metaspace       used 77965K, committed 79808K, reserved 1179648K
  class space    used 10400K, committed 11328K, reserved 1048576K
}
Event: 36.054 GC heap before
{Heap before GC invocations=35 (full 0):
 garbage-first heap   total 172032K, used 153089K [0x0000000740000000, 0x0000000800000000)
  region size 2048K, 28 young (57344K), 3 survivors (6144K)
 Metaspace       used 81772K, committed 83776K, reserved 1179648K
  class space    used 10952K, committed 11904K, reserved 1048576K
}
Event: 36.065 GC heap after
{Heap after GC invocations=36 (full 0):
 garbage-first heap   total 172032K, used 107234K [0x0000000740000000, 0x0000000800000000)
  region size 2048K, 4 young (8192K), 4 survivors (8192K)
 Metaspace       used 81772K, committed 83776K, reserved 1179648K
  class space    used 10952K, committed 11904K, reserved 1048576K
}
Event: 37.918 GC heap before
{Heap before GC invocations=36 (full 0):
 garbage-first heap   total 172032K, used 150242K [0x0000000740000000, 0x0000000800000000)
  region size 2048K, 25 young (51200K), 4 survivors (8192K)
 Metaspace       used 84488K, committed 86592K, reserved 1179648K
  class space    used 11401K, committed 12416K, reserved 1048576K
}
Event: 37.928 GC heap after
{Heap after GC invocations=37 (full 0):
 garbage-first heap   total 172032K, used 110857K [0x0000000740000000, 0x0000000800000000)
  region size 2048K, 4 young (8192K), 4 survivors (8192K)
 Metaspace       used 84488K, committed 86592K, reserved 1179648K
  class space    used 11401K, committed 12416K, reserved 1048576K
}
Event: 39.447 GC heap before
{Heap before GC invocations=38 (full 0):
 garbage-first heap   total 188416K, used 149769K [0x0000000740000000, 0x0000000800000000)
  region size 2048K, 23 young (47104K), 4 survivors (8192K)
 Metaspace       used 85636K, committed 87744K, reserved 1179648K
  class space    used 11606K, committed 12672K, reserved 1048576K
}
Event: 39.462 GC heap after
{Heap after GC invocations=39 (full 0):
 garbage-first heap   total 188416K, used 114671K [0x0000000740000000, 0x0000000800000000)
  region size 2048K, 2 young (4096K), 2 survivors (4096K)
 Metaspace       used 85636K, committed 87744K, reserved 1179648K
  class space    used 11606K, committed 12672K, reserved 1048576K
}
Event: 48.434 GC heap before
{Heap before GC invocations=39 (full 0):
 garbage-first heap   total 262144K, used 260079K [0x0000000740000000, 0x0000000800000000)
  region size 2048K, 28 young (57344K), 2 survivors (4096K)
 Metaspace       used 89289K, committed 91520K, reserved 1179648K
  class space    used 12038K, committed 13120K, reserved 1048576K
}
Event: 48.447 GC heap after
{Heap after GC invocations=40 (full 0):
 garbage-first heap   total 272384K, used 118251K [0x0000000740000000, 0x0000000800000000)
  region size 2048K, 4 young (8192K), 4 survivors (8192K)
 Metaspace       used 89289K, committed 91520K, reserved 1179648K
  class space    used 12038K, committed 13120K, reserved 1048576K
}

