# JRE version: OpenJDK Runtime Environment Temurin-21.0.4+7 (21.0.4+7) (build 21.0.4+7-LTS)
# Java VM: OpenJDK 64-Bit Server VM Temurin-21.0.4+7 (21.0.4+7-LTS, mixed mode, tiered, compressed oops, compressed class ptrs, g1 gc, bsd-amd64)
GC Precious Log:
 CardTable entry size: 512
 Card Set container configuration: InlinePtr #cards 4 size 8 Array Of Cards #cards 16 size 48 Howl #buckets 8 coarsen threshold 3686 Howl Bitmap #cards 512 size 80 coarsen threshold 460 Card regions per heap region 1 cards per card region 4096
 CPUs: 4 total, 4 available
 Memory: 16384M
 Large Page Support: Disabled
 NUMA Support: Disabled
 Compressed Oops: Enabled (Zero based)
 Heap Region Size: 2M
 Heap Min Capacity: 8M
 Heap Initial Capacity: 256M
 Heap Max Capacity: 3G
 Pre-touch: Disabled
 Parallel Workers: 4
 Concurrent Workers: 1
 Concurrent Refinement Workers: 4
 Periodic GC: Disabled
Heap:
 garbage-first heap   total 878592K, used 559699K [0x0000000740000000, 0x0000000800000000)
  region size 2048K, 24 young (49152K), 8 survivors (16384K)
 Metaspace       used 108549K, committed 110912K, reserved 1179648K
  class space    used 14627K, committed 15808K, reserved 1048576K
GC Heap History (20 events):
Event: 89.160 GC heap before
{Heap before GC invocations=51 (full 0):
 garbage-first heap   total 561152K, used 443719K [0x0000000740000000, 0x0000000800000000)
  region size 2048K, 51 young (104448K), 4 survivors (8192K)
 Metaspace       used 105269K, committed 107584K, reserved 1179648K
  class space    used 14208K, committed 15360K, reserved 1048576K
}
Event: 89.353 GC heap after
{Heap after GC invocations=52 (full 0):
 garbage-first heap   total 561152K, used 388096K [0x0000000740000000, 0x0000000800000000)
  region size 2048K, 7 young (14336K), 7 survivors (14336K)
 Metaspace       used 105269K, committed 107584K, reserved 1179648K
  class space    used 14208K, committed 15360K, reserved 1048576K
}
Event: 91.571 GC heap before
{Heap before GC invocations=52 (full 0):
 garbage-first heap   total 561152K, used 472064K [0x0000000740000000, 0x0000000800000000)
  region size 2048K, 48 young (98304K), 7 survivors (14336K)
 Metaspace       used 105357K, committed 107712K, reserved 1179648K
  class space    used 14220K, committed 15424K, reserved 1048576K
}
Event: 91.752 GC heap after
{Heap after GC invocations=53 (full 0):
 garbage-first heap   total 802816K, used 428032K [0x0000000740000000, 0x0000000800000000)
  region size 2048K, 6 young (12288K), 6 survivors (12288K)
 Metaspace       used 105357K, committed 107712K, reserved 1179648K
  class space    used 14220K, committed 15424K, reserved 1048576K
}
Event: 97.743 GC heap before
{Heap before GC invocations=53 (full 0):
 garbage-first heap   total 802816K, used 557056K [0x0000000740000000, 0x0000000800000000)
  region size 2048K, 70 young (143360K), 6 survivors (12288K)
 Metaspace       used 105386K, committed 107712K, reserved 1179648K
  class space    used 14222K, committed 15424K, reserved 1048576K
}
Event: 97.783 GC heap after
{Heap after GC invocations=54 (full 0):
 garbage-first heap   total 802816K, used 447084K [0x0000000740000000, 0x0000000800000000)
  region size 2048K, 9 young (18432K), 9 survivors (18432K)
 Metaspace       used 105386K, committed 107712K, reserved 1179648K
  class space    used 14222K, committed 15424K, reserved 1048576K
}
Event: 100.758 GC heap before
{Heap before GC invocations=54 (full 0):
 garbage-first heap   total 802816K, used 678508K [0x0000000740000000, 0x0000000800000000)
  region size 2048K, 122 young (249856K), 9 survivors (18432K)
 Metaspace       used 105387K, committed 107712K, reserved 1179648K
  class space    used 14222K, committed 15424K, reserved 1048576K
}
Event: 101.149 GC heap after
{Heap after GC invocations=55 (full 0):
 garbage-first heap   total 802816K, used 520192K [0x0000000740000000, 0x0000000800000000)
  region size 2048K, 16 young (32768K), 16 survivors (32768K)
 Metaspace       used 105387K, committed 107712K, reserved 1179648K
  class space    used 14222K, committed 15424K, reserved 1048576K
}
Event: 103.171 GC heap before
{Heap before GC invocations=55 (full 0):
 garbage-first heap   total 849920K, used 608256K [0x0000000740000000, 0x0000000800000000)
  region size 2048K, 64 young (131072K), 16 survivors (32768K)
 Metaspace       used 105398K, committed 107776K, reserved 1179648K
  class space    used 14222K, committed 15424K, reserved 1048576K
}
Event: 103.488 GC heap after
{Heap after GC invocations=56 (full 0):
 garbage-first heap   total 849920K, used 532480K [0x0000000740000000, 0x0000000800000000)
  region size 2048K, 8 young (16384K), 8 survivors (16384K)
 Metaspace       used 105398K, committed 107776K, reserved 1179648K
  class space    used 14222K, committed 15424K, reserved 1048576K
}
Event: 104.883 GC heap before
{Heap before GC invocations=57 (full 0):
 garbage-first heap   total 849920K, used 608256K [0x0000000740000000, 0x0000000800000000)
  region size 2048K, 45 young (92160K), 8 survivors (16384K)
 Metaspace       used 105398K, committed 107776K, reserved 1179648K
  class space    used 14222K, committed 15424K, reserved 1048576K
}
Event: 104.912 GC heap after
{Heap after GC invocations=58 (full 0):
 garbage-first heap   total 849920K, used 547840K [0x0000000740000000, 0x0000000800000000)
  region size 2048K, 6 young (12288K), 6 survivors (12288K)
 Metaspace       used 105398K, committed 107776K, reserved 1179648K
  class space    used 14222K, committed 15424K, reserved 1048576K
}
Event: 108.304 GC heap before
{Heap before GC invocations=58 (full 0):
 garbage-first heap   total 849920K, used 707584K [0x0000000740000000, 0x0000000800000000)
  region size 2048K, 84 young (172032K), 6 survivors (12288K)
 Metaspace       used 105543K, committed 107904K, reserved 1179648K
  class space    used 14240K, committed 15424K, reserved 1048576K
}
Event: 108.537 GC heap after
{Heap after GC invocations=59 (full 0):
 garbage-first heap   total 849920K, used 535552K [0x0000000740000000, 0x0000000800000000)
  region size 2048K, 11 young (22528K), 11 survivors (22528K)
 Metaspace       used 105543K, committed 107904K, reserved 1179648K
  class space    used 14240K, committed 15424K, reserved 1048576K
}
Event: 355.473 GC heap before
{Heap before GC invocations=59 (full 0):
 garbage-first heap   total 849920K, used 621568K [0x0000000740000000, 0x0000000800000000)
  region size 2048K, 53 young (108544K), 11 survivors (22528K)
 Metaspace       used 105678K, committed 108032K, reserved 1179648K
  class space    used 14245K, committed 15424K, reserved 1048576K
}
Event: 355.531 GC heap after
{Heap after GC invocations=60 (full 0):
 garbage-first heap   total 849920K, used 530432K [0x0000000740000000, 0x0000000800000000)
  region size 2048K, 6 young (12288K), 6 survivors (12288K)
 Metaspace       used 105678K, committed 108032K, reserved 1179648K
  class space    used 14245K, committed 15424K, reserved 1048576K
}
Event: 6636.764 GC heap before
{Heap before GC invocations=60 (full 0):
 garbage-first heap   total 866304K, used 847872K [0x0000000740000000, 0x0000000800000000)
  region size 2048K, 90 young (184320K), 6 survivors (12288K)
 Metaspace       used 106447K, committed 108864K, reserved 1179648K
  class space    used 14303K, committed 15488K, reserved 1048576K
}
Event: 6636.900 GC heap after
{Heap after GC invocations=61 (full 0):
 garbage-first heap   total 878592K, used 524972K [0x0000000740000000, 0x0000000800000000)
  region size 2048K, 10 young (20480K), 10 survivors (20480K)
 Metaspace       used 106447K, committed 108864K, reserved 1179648K
  class space    used 14303K, committed 15488K, reserved 1048576K
}
Event: 6643.649 GC heap before
{Heap before GC invocations=61 (full 0):
 garbage-first heap   total 878592K, used 672428K [0x0000000740000000, 0x0000000800000000)
  region size 2048K, 60 young (122880K), 10 survivors (20480K)
 Metaspace       used 108032K, committed 110464K, reserved 1179648K
  class space    used 14558K, committed 15744K, reserved 1048576K
}
Event: 6643.757 GC heap after
{Heap after GC invocations=62 (full 0):
 garbage-first heap   total 878592K, used 528979K [0x0000000740000000, 0x0000000800000000)
  region size 2048K, 8 young (16384K), 8 survivors (16384K)
 Metaspace       used 108032K, committed 110464K, reserved 1179648K
  class space    used 14558K, committed 15744K, reserved 1048576K
}

