# JRE version: OpenJDK Runtime Environment Temurin-17.0.11+9 (17.0.11+9) (build 17.0.11+9)
# Java VM: OpenJDK 64-Bit Server VM Temurin-17.0.11+9 (17.0.11+9, mixed mode, tiered, compressed oops, compressed class ptrs, g1 gc, bsd-amd64)
GC Precious Log:
 CPUs: 4 total, 4 available
 Memory: 16384M
 Large Page Support: Disabled
 NUMA Support: Disabled
 Compressed Oops: Enabled (Zero based)
 Heap Region Size: 2M
 Heap Min Capacity: 8M
 Heap Initial Capacity: 256M
 Heap Max Capacity: 4G
 Pre-touch: Disabled
 Parallel Workers: 4
 Concurrent Workers: 1
 Concurrent Refinement Workers: 4
 Periodic GC: Disabled
Heap:
 garbage-first heap   total 364544K, used 184795K [0x0000000700000000, 0x0000000800000000)
  region size 2048K, 52 young (106496K), 4 survivors (8192K)
 Metaspace       used 36934K, committed 37888K, reserved 1114112K
  class space    used 4337K, committed 4736K, reserved 1048576K
GC Heap History (20 events):
Event: 11.499 GC heap before
{Heap before GC invocations=5 (full 0):
 garbage-first heap   total 262144K, used 152259K [0x0000000700000000, 0x0000000800000000)
  region size 2048K, 67 young (137216K), 8 survivors (16384K)
 Metaspace       used 21219K, committed 21504K, reserved 1114112K
  class space    used 2211K, committed 2368K, reserved 1048576K
}
Event: 11.515 GC heap after
{Heap after GC invocations=6 (full 0):
 garbage-first heap   total 262144K, used 38863K [0x0000000700000000, 0x0000000800000000)
  region size 2048K, 6 young (12288K), 6 survivors (12288K)
 Metaspace       used 21219K, committed 21504K, reserved 1114112K
  class space    used 2211K, committed 2368K, reserved 1048576K
}
Event: 12.645 GC heap before
{Heap before GC invocations=7 (full 0):
 garbage-first heap   total 143360K, used 116687K [0x0000000700000000, 0x0000000800000000)
  region size 2048K, 42 young (86016K), 6 survivors (12288K)
 Metaspace       used 25978K, committed 26240K, reserved 1114112K
  class space    used 2902K, committed 3008K, reserved 1048576K
}
Event: 12.692 GC heap after
{Heap after GC invocations=8 (full 0):
 garbage-first heap   total 151552K, used 62602K [0x0000000700000000, 0x0000000800000000)
  region size 2048K, 6 young (12288K), 6 survivors (12288K)
 Metaspace       used 25978K, committed 26240K, reserved 1114112K
  class space    used 2902K, committed 3008K, reserved 1048576K
}
Event: 12.719 GC heap before
{Heap before GC invocations=8 (full 0):
 garbage-first heap   total 151552K, used 78986K [0x0000000700000000, 0x0000000800000000)
  region size 2048K, 7 young (14336K), 6 survivors (12288K)
 Metaspace       used 25980K, committed 26240K, reserved 1114112K
  class space    used 2902K, committed 3008K, reserved 1048576K
}
Event: 12.731 GC heap after
{Heap after GC invocations=9 (full 0):
 garbage-first heap   total 151552K, used 74482K [0x0000000700000000, 0x0000000800000000)
  region size 2048K, 1 young (2048K), 1 survivors (2048K)
 Metaspace       used 25980K, committed 26240K, reserved 1114112K
  class space    used 2902K, committed 3008K, reserved 1048576K
}
Event: 13.017 GC heap before
{Heap before GC invocations=9 (full 0):
 garbage-first heap   total 151552K, used 101106K [0x0000000700000000, 0x0000000800000000)
  region size 2048K, 15 young (30720K), 1 survivors (2048K)
 Metaspace       used 26798K, committed 27136K, reserved 1114112K
  class space    used 3007K, committed 3200K, reserved 1048576K
}
Event: 13.026 GC heap after
{Heap after GC invocations=10 (full 0):
 garbage-first heap   total 151552K, used 73856K [0x0000000700000000, 0x0000000800000000)
  region size 2048K, 3 young (6144K), 3 survivors (6144K)
 Metaspace       used 26798K, committed 27136K, reserved 1114112K
  class space    used 3007K, committed 3200K, reserved 1048576K
}
Event: 13.863 GC heap before
{Heap before GC invocations=11 (full 0):
 garbage-first heap   total 151552K, used 110720K [0x0000000700000000, 0x0000000800000000)
  region size 2048K, 22 young (45056K), 3 survivors (6144K)
 Metaspace       used 30774K, committed 31296K, reserved 1114112K
  class space    used 3540K, committed 3776K, reserved 1048576K
}
Event: 13.875 GC heap after
{Heap after GC invocations=12 (full 0):
 garbage-first heap   total 151552K, used 73728K [0x0000000700000000, 0x0000000800000000)
  region size 2048K, 3 young (6144K), 3 survivors (6144K)
 Metaspace       used 30774K, committed 31296K, reserved 1114112K
  class space    used 3540K, committed 3776K, reserved 1048576K
}
Event: 14.424 GC heap before
{Heap before GC invocations=12 (full 0):
 garbage-first heap   total 151552K, used 112640K [0x0000000700000000, 0x0000000800000000)
  region size 2048K, 22 young (45056K), 3 survivors (6144K)
 Metaspace       used 32994K, committed 33664K, reserved 1114112K
  class space    used 3858K, committed 4160K, reserved 1048576K
}
Event: 14.443 GC heap after
{Heap after GC invocations=13 (full 0):
 garbage-first heap   total 303104K, used 82774K [0x0000000700000000, 0x0000000800000000)
  region size 2048K, 3 young (6144K), 3 survivors (6144K)
 Metaspace       used 32994K, committed 33664K, reserved 1114112K
  class space    used 3858K, committed 4160K, reserved 1048576K
}
Event: 15.354 GC heap before
{Heap before GC invocations=13 (full 0):
 garbage-first heap   total 303104K, used 187222K [0x0000000700000000, 0x0000000800000000)
  region size 2048K, 54 young (110592K), 3 survivors (6144K)
 Metaspace       used 36292K, committed 37120K, reserved 1114112K
  class space    used 4233K, committed 4608K, reserved 1048576K
}
Event: 15.368 GC heap after
{Heap after GC invocations=14 (full 0):
 garbage-first heap   total 303104K, used 85937K [0x0000000700000000, 0x0000000800000000)
  region size 2048K, 5 young (10240K), 5 survivors (10240K)
 Metaspace       used 36292K, committed 37120K, reserved 1114112K
  class space    used 4233K, committed 4608K, reserved 1048576K
}
Event: 16.087 GC heap before
{Heap before GC invocations=14 (full 0):
 garbage-first heap   total 303104K, used 196529K [0x0000000700000000, 0x0000000800000000)
  region size 2048K, 59 young (120832K), 5 survivors (10240K)
 Metaspace       used 36899K, committed 37824K, reserved 1114112K
  class space    used 4334K, committed 4736K, reserved 1048576K
}
Event: 16.100 GC heap after
{Heap after GC invocations=15 (full 0):
 garbage-first heap   total 303104K, used 87892K [0x0000000700000000, 0x0000000800000000)
  region size 2048K, 3 young (6144K), 3 survivors (6144K)
 Metaspace       used 36899K, committed 37824K, reserved 1114112K
  class space    used 4334K, committed 4736K, reserved 1048576K
}
Event: 16.488 GC heap before
{Heap before GC invocations=15 (full 0):
 garbage-first heap   total 303104K, used 206676K [0x0000000700000000, 0x0000000800000000)
  region size 2048K, 61 young (124928K), 3 survivors (6144K)
 Metaspace       used 36911K, committed 37824K, reserved 1114112K
  class space    used 4336K, committed 4736K, reserved 1048576K
}
Event: 16.495 GC heap after
{Heap after GC invocations=16 (full 0):
 garbage-first heap   total 303104K, used 87975K [0x0000000700000000, 0x0000000800000000)
  region size 2048K, 3 young (6144K), 3 survivors (6144K)
 Metaspace       used 36911K, committed 37824K, reserved 1114112K
  class space    used 4336K, committed 4736K, reserved 1048576K
}
Event: 17.224 GC heap before
{Heap before GC invocations=16 (full 0):
 garbage-first heap   total 303104K, used 214951K [0x0000000700000000, 0x0000000800000000)
  region size 2048K, 65 young (133120K), 3 survivors (6144K)
 Metaspace       used 36932K, committed 37888K, reserved 1114112K
  class space    used 4336K, committed 4736K, reserved 1048576K
}
Event: 17.233 GC heap after
{Heap after GC invocations=17 (full 0):
 garbage-first heap   total 364544K, used 88539K [0x0000000700000000, 0x0000000800000000)
  region size 2048K, 4 young (8192K), 4 survivors (8192K)
 Metaspace       used 36932K, committed 37888K, reserved 1114112K
  class space    used 4336K, committed 4736K, reserved 1048576K
}

