# JRE version: OpenJDK Runtime Environment Temurin-17.0.11+9 (17.0.11+9) (build 17.0.11+9)
# Java VM: OpenJDK 64-Bit Server VM Temurin-17.0.11+9 (17.0.11+9, mixed mode, tiered, compressed oops, compressed class ptrs, g1 gc, bsd-amd64)
GC Precious Log:
 CPUs: 4 total, 4 available
 Memory: 16384M
 Large Page Support: Disabled
 NUMA Support: Disabled
 Compressed Oops: Enabled (Zero based)
 Heap Region Size: 2M
 Heap Min Capacity: 8M
 Heap Initial Capacity: 256M
 Heap Max Capacity: 4G
 Pre-touch: Disabled
 Parallel Workers: 4
 Concurrent Workers: 1
 Concurrent Refinement Workers: 4
 Periodic GC: Disabled
Heap:
 garbage-first heap   total 444416K, used 348866K [0x0000000700000000, 0x0000000800000000)
  region size 2048K, 81 young (165888K), 9 survivors (18432K)
 Metaspace       used 94530K, committed 95936K, reserved 1179648K
  class space    used 14448K, committed 15104K, reserved 1048576K
GC Heap History (20 events):
Event: 50.479 GC heap after
{Heap after GC invocations=26 (full 0):
 garbage-first heap   total 309248K, used 117485K [0x0000000700000000, 0x0000000800000000)
  region size 2048K, 6 young (12288K), 6 survivors (12288K)
 Metaspace       used 48993K, committed 50176K, reserved 1114112K
  class space    used 5801K, committed 6336K, reserved 1048576K
}
Event: 54.111 GC heap before
{Heap before GC invocations=26 (full 0):
 garbage-first heap   total 309248K, used 258797K [0x0000000700000000, 0x0000000800000000)
  region size 2048K, 75 young (153600K), 6 survivors (12288K)
 Metaspace       used 52573K, committed 53760K, reserved 1114112K
  class space    used 6445K, committed 6976K, reserved 1048576K
}
Event: 54.136 GC heap after
{Heap after GC invocations=27 (full 0):
 garbage-first heap   total 309248K, used 128545K [0x0000000700000000, 0x0000000800000000)
  region size 2048K, 10 young (20480K), 10 survivors (20480K)
 Metaspace       used 52573K, committed 53760K, reserved 1114112K
  class space    used 6445K, committed 6976K, reserved 1048576K
}
Event: 55.025 GC heap before
{Heap before GC invocations=27 (full 0):
 garbage-first heap   total 309248K, used 255521K [0x0000000700000000, 0x0000000800000000)
  region size 2048K, 72 young (147456K), 10 survivors (20480K)
 Metaspace       used 53692K, committed 54912K, reserved 1114112K
  class space    used 6648K, committed 7232K, reserved 1048576K
}
Event: 55.073 GC heap after
{Heap after GC invocations=28 (full 0):
 garbage-first heap   total 309248K, used 144643K [0x0000000700000000, 0x0000000800000000)
  region size 2048K, 8 young (16384K), 8 survivors (16384K)
 Metaspace       used 53692K, committed 54912K, reserved 1114112K
  class space    used 6648K, committed 7232K, reserved 1048576K
}
Event: 55.550 GC heap before
{Heap before GC invocations=28 (full 0):
 garbage-first heap   total 309248K, used 251139K [0x0000000700000000, 0x0000000800000000)
  region size 2048K, 60 young (122880K), 8 survivors (16384K)
 Metaspace       used 54179K, committed 55488K, reserved 1114112K
  class space    used 6717K, committed 7296K, reserved 1048576K
}
Event: 55.592 GC heap after
{Heap after GC invocations=29 (full 0):
 garbage-first heap   total 309248K, used 157696K [0x0000000700000000, 0x0000000800000000)
  region size 2048K, 6 young (12288K), 6 survivors (12288K)
 Metaspace       used 54179K, committed 55488K, reserved 1114112K
  class space    used 6717K, committed 7296K, reserved 1048576K
}
Event: 56.852 GC heap before
{Heap before GC invocations=29 (full 0):
 garbage-first heap   total 309248K, used 249856K [0x0000000700000000, 0x0000000800000000)
  region size 2048K, 52 young (106496K), 6 survivors (12288K)
 Metaspace       used 58320K, committed 59584K, reserved 1114112K
  class space    used 7332K, committed 7872K, reserved 1048576K
}
Event: 56.880 GC heap after
{Heap after GC invocations=30 (full 0):
 garbage-first heap   total 309248K, used 166489K [0x0000000700000000, 0x0000000800000000)
  region size 2048K, 5 young (10240K), 5 survivors (10240K)
 Metaspace       used 58320K, committed 59584K, reserved 1114112K
  class space    used 7332K, committed 7872K, reserved 1048576K
}
Event: 59.330 GC heap before
{Heap before GC invocations=31 (full 0):
 garbage-first heap   total 315392K, used 252505K [0x0000000700000000, 0x0000000800000000)
  region size 2048K, 47 young (96256K), 5 survivors (10240K)
 Metaspace       used 62521K, committed 63744K, reserved 1114112K
  class space    used 8438K, committed 8960K, reserved 1048576K
}
Event: 59.364 GC heap after
{Heap after GC invocations=32 (full 0):
 garbage-first heap   total 315392K, used 178770K [0x0000000700000000, 0x0000000800000000)
  region size 2048K, 6 young (12288K), 6 survivors (12288K)
 Metaspace       used 62521K, committed 63744K, reserved 1114112K
  class space    used 8438K, committed 8960K, reserved 1048576K
}
Event: 59.446 GC heap before
{Heap before GC invocations=32 (full 0):
 garbage-first heap   total 315392K, used 180818K [0x0000000700000000, 0x0000000800000000)
  region size 2048K, 7 young (14336K), 6 survivors (12288K)
 Metaspace       used 62701K, committed 63936K, reserved 1114112K
  class space    used 8488K, committed 9024K, reserved 1048576K
}
Event: 59.468 GC heap after
{Heap after GC invocations=33 (full 0):
 garbage-first heap   total 444416K, used 180224K [0x0000000700000000, 0x0000000800000000)
  region size 2048K, 1 young (2048K), 1 survivors (2048K)
 Metaspace       used 62701K, committed 63936K, reserved 1114112K
  class space    used 8488K, committed 9024K, reserved 1048576K
}
Event: 64.435 GC heap before
{Heap before GC invocations=33 (full 0):
 garbage-first heap   total 444416K, used 323584K [0x0000000700000000, 0x0000000800000000)
  region size 2048K, 71 young (145408K), 1 survivors (2048K)
 Metaspace       used 71687K, committed 72960K, reserved 1114112K
  class space    used 10262K, committed 10816K, reserved 1048576K
}
Event: 64.446 GC heap after
{Heap after GC invocations=34 (full 0):
 garbage-first heap   total 444416K, used 183407K [0x0000000700000000, 0x0000000800000000)
  region size 2048K, 3 young (6144K), 3 survivors (6144K)
 Metaspace       used 71687K, committed 72960K, reserved 1114112K
  class space    used 10262K, committed 10816K, reserved 1048576K
}
Event: 67.338 GC heap before
{Heap before GC invocations=34 (full 0):
 garbage-first heap   total 444416K, used 332911K [0x0000000700000000, 0x0000000800000000)
  region size 2048K, 76 young (155648K), 3 survivors (6144K)
 Metaspace       used 80152K, committed 81536K, reserved 1179648K
  class space    used 11619K, committed 12224K, reserved 1048576K
}
Event: 67.378 GC heap after
{Heap after GC invocations=35 (full 0):
 garbage-first heap   total 444416K, used 192950K [0x0000000700000000, 0x0000000800000000)
  region size 2048K, 8 young (16384K), 8 survivors (16384K)
 Metaspace       used 80152K, committed 81536K, reserved 1179648K
  class space    used 11619K, committed 12224K, reserved 1048576K
}
Event: 73.075 GC heap before
{Heap before GC invocations=35 (full 0):
 garbage-first heap   total 444416K, used 340406K [0x0000000700000000, 0x0000000800000000)
  region size 2048K, 80 young (163840K), 8 survivors (16384K)
 Metaspace       used 88354K, committed 89728K, reserved 1179648K
  class space    used 13418K, committed 14016K, reserved 1048576K
}
Event: 73.110 GC heap after
{Heap after GC invocations=36 (full 0):
 garbage-first heap   total 444416K, used 201410K [0x0000000700000000, 0x0000000800000000)
  region size 2048K, 9 young (18432K), 9 survivors (18432K)
 Metaspace       used 88354K, committed 89728K, reserved 1179648K
  class space    used 13418K, committed 14016K, reserved 1048576K
}
Event: 80.203 GC heap before
{Heap before GC invocations=36 (full 0):
 garbage-first heap   total 444416K, used 348866K [0x0000000700000000, 0x0000000800000000)
  region size 2048K, 81 young (165888K), 9 survivors (18432K)
 Metaspace       used 94530K, committed 95936K, reserved 1179648K
  class space    used 14448K, committed 15104K, reserved 1048576K
}

